C51 COMPILER V9.55   APP                                                                   01/09/2017 21:04:57 PAGE 1   


C51 COMPILER V9.55, COMPILATION OF MODULE APP
OBJECT MODULE PLACED IN .\Objects\app.obj
COMPILER INVOKED BY: d:\Keil_v5\C51\BIN\C51.EXE Src\app.c OPTIMIZE(8,SPEED) BROWSE DEBUG OBJECTEXTEND PRINT(.\Listings\a
                    -pp.lst) OBJECT(.\Objects\app.obj)

line level    source

   1          
   2          #include "app.h"
   3          
   4          u8 RtcChangeCnt=0;
   5          u8 RtcChangeBuf[13];
   6          
   7          
   8          void RtcChangeDisplay(void)
   9          {
  10   1              if(RtcChangeCnt)
  11   1              {
  12   2                      key = RtcChangeBuf[RtcChangeCnt-1];
  13   2                      switch(RtcChangeCnt)
  14   2                      {
  15   3                              case 1:
  16   3                                      Lcd12864_DispChar(4, 2*8, NUMBER[key]);
  17   3                                      break;
  18   3                              case 2:
  19   3                                      Lcd12864_DispChar(4, 3*8, NUMBER[key]);
  20   3                                      break;
  21   3                              case 3:
  22   3                                      Lcd12864_DispChar(4, 5*8, NUMBER[key]);
  23   3                                      break;
  24   3                              case 4:
  25   3                                      Lcd12864_DispChar(4, 6*8, NUMBER[key]);
  26   3                                      break;
  27   3                              case 5:
  28   3                                      Lcd12864_DispChar(4, 8*8, NUMBER[key]);
  29   3                                      break;
  30   3                              case 6:
  31   3                                      Lcd12864_DispChar(4, 9*8, NUMBER[key]);
  32   3                                      break;
  33   3                              case 7:
  34   3                                      Lcd12864_DispChar(4, 15*8, NUMBER[key]);
  35   3                                      break;
  36   3                              case 8:
  37   3                                      Lcd12864_DispChar(6, 8*8, NUMBER[key]);
  38   3                                      break;
  39   3                              case 9:
  40   3                                      Lcd12864_DispChar(6, 9*8, NUMBER[key]);
  41   3                                      break;
  42   3                              case 10:
  43   3                                      Lcd12864_DispChar(6, 11*8, NUMBER[key]);
  44   3                                      break;
  45   3                              case 11:
  46   3                                      Lcd12864_DispChar(6, 12*8, NUMBER[key]);
  47   3                                      break;
  48   3                              case 12:
  49   3                                      Lcd12864_DispChar(6, 14*8, NUMBER[key]);
  50   3                                      break;
  51   3                              case 13:
  52   3                                      Lcd12864_DispChar(6, 15*8, NUMBER[key]);
  53   3                                      break;
  54   3                              default:
C51 COMPILER V9.55   APP                                                                   01/09/2017 21:04:57 PAGE 2   

  55   3                                      break;
  56   3                      }
  57   2              }
  58   1      }
  59          
  60          void AppLoop(void)
  61          {
  62   1              
  63   1              if(!SW)
  64   1              {
  65   2                      if(key != 0xff)
  66   2                      {
  67   3                              switch(key)
  68   3                              {
  69   4                                      case 1:                 // 数据加
  70   4      //                                      if(RtcChangeCnt == 0)   // 修改时间初始化显示
  71   4      //                                      {
  72   4      //                                              Lcd1602_WriteStr(0, 0, "20--/--/--     -");
  73   4      //                                              Lcd1602_WriteStr(0, 1, "        --:--:--");
  74   4      //                                      }
  75   4                                              //RtcChangeCnt++;
  76   4                                              RtcChangeBuf[RtcChangeCnt-1]++;
  77   4                                              if(RtcChangeBuf[RtcChangeCnt-1] > 9)
  78   4                                              {
  79   5                                                      RtcChangeBuf[RtcChangeCnt-1] = 9;
  80   5                                              }
  81   4                                              RtcChangeDisplay();
  82   4                                              break;
  83   4                                      case 2:                 // 数据减
  84   4                                              if(RtcChangeBuf[RtcChangeCnt-1] == 0)
  85   4                                              {
  86   5                                                      RtcChangeBuf[RtcChangeCnt-1] = 0;
  87   5                                              }
  88   4                                              else
  89   4                                              {
  90   5                                                      RtcChangeBuf[RtcChangeCnt-1]--;
  91   5                                              }
  92   4                                              RtcChangeDisplay();
  93   4                                              break;
  94   4                                      case 3:                 // 数据移位
  95   4                                              if(++RtcChangeCnt > 13)
  96   4                                              {
  97   5                                                      RtcChangeCnt = 13;
  98   5                                              }
  99   4                                              break;
 100   4                                      case 4:
 101   4                                              if(RtcChangeCnt == 13)          // 修改时间完成
 102   4                                              {
 103   5                                                      RtcChangeCnt = 0;
 104   5                                                      rtc.year        = RtcChangeBuf[0]*10 + RtcChangeBuf[1];
 105   5                                                      rtc.mon         = RtcChangeBuf[2]*10 + RtcChangeBuf[3];
 106   5                                                      rtc.date        = RtcChangeBuf[4]*10 + RtcChangeBuf[5];
 107   5                                                      rtc.week        = RtcChangeBuf[6];
 108   5                                                      rtc.hou         = RtcChangeBuf[7]*10 + RtcChangeBuf[8];
 109   5                                                      rtc.min         = RtcChangeBuf[9]*10 + RtcChangeBuf[10];
 110   5                                                      rtc.sec         = RtcChangeBuf[11]*10 + RtcChangeBuf[12];
 111   5      
 112   5                                                      DS1302_WriteTime();
 113   5                                              }
 114   4                                              
 115   4                                              break;
 116   4                                      default:
C51 COMPILER V9.55   APP                                                                   01/09/2017 21:04:57 PAGE 3   

 117   4                                              break;
 118   4                              }
 119   3                      }
 120   2              }
 121   1              else
 122   1              {
 123   2                      DS1302_ReadTime();
 124   2                      // 显示时间年
 125   2                      Lcd12864_DispChar(4, 2*8, NUMBER[rtc.year/10]);
 126   2                      Lcd12864_DispChar(4, 3*8, NUMBER[rtc.year%10]);
 127   2                      // 显示时间月
 128   2                      Lcd12864_DispChar(4, 5*8, NUMBER[rtc.mon/10]);
 129   2                      Lcd12864_DispChar(4, 6*8, NUMBER[rtc.mon%10]);
 130   2                      // 显示时间日
 131   2                      Lcd12864_DispChar(4, 8*8, NUMBER[rtc.date/10]);
 132   2                      Lcd12864_DispChar(4, 9*8, NUMBER[rtc.date%10]);
 133   2                      // 显示时间周
 134   2                      Lcd12864_DispChar(4, 15*8, NUMBER[(rtc.week-1)%10]);
 135   2                      // 显示时间时
 136   2                      Lcd12864_DispChar(6, 8*8, NUMBER[rtc.hou/10]);
 137   2                      Lcd12864_DispChar(6, 9*8, NUMBER[rtc.hou%10]);
 138   2                      // 显示时间分
 139   2                      Lcd12864_DispChar(6, 11*8, NUMBER[rtc.min/10]);
 140   2                      Lcd12864_DispChar(6, 12*8, NUMBER[rtc.min%10]);
 141   2                      // 显示时间秒
 142   2                      Lcd12864_DispChar(6, 14*8, NUMBER[rtc.sec/10]);
 143   2                      Lcd12864_DispChar(6, 15*8, NUMBER[rtc.sec%10]);
 144   2              }
 145   1      
 146   1      }


MODULE INFORMATION:   STATIC OVERLAYABLE
   CODE SIZE        =    894    ----
   CONSTANT SIZE    =   ----    ----
   XDATA SIZE       =   ----    ----
   PDATA SIZE       =   ----    ----
   DATA SIZE        =     14    ----
   IDATA SIZE       =   ----    ----
   BIT SIZE         =   ----    ----
END OF MODULE INFORMATION.


C51 COMPILATION COMPLETE.  0 WARNING(S),  0 ERROR(S)
