C51 COMPILER V9.55   DS1302                                                                01/09/2017 21:04:57 PAGE 1   


C51 COMPILER V9.55, COMPILATION OF MODULE DS1302
OBJECT MODULE PLACED IN .\Objects\ds1302.obj
COMPILER INVOKED BY: d:\Keil_v5\C51\BIN\C51.EXE Src\ds1302.c OPTIMIZE(8,SPEED) BROWSE DEBUG OBJECTEXTEND PRINT(.\Listing
                    -s\ds1302.lst) OBJECT(.\Objects\ds1302.obj)

line level    source

   1          
   2          #include "ds1302.h"
   3          
   4          // 实时时钟初始化值
   5          RTC rtc = {
   6                  16, 9, 9, 21, 26, 0, 5
   7          };
   8          
   9          void DS1302_WriteByte(u8 addr, u8 dat)    // 向DS1302写入一字节数据
  10          {
  11   1              u8 i;
  12   1              DS_RST = 1;
  13   1              addr &= ~0X01;                  //最低位置零
  14   1              for(i=0; i<8; i++)              // 写命令
  15   1              {
  16   2                      if(addr & 0x01)
  17   2                              DS_SDA=1;
  18   2                      else
  19   2                              DS_SDA=0;
  20   2                      DS_SCK=1;
  21   2                      DS_SCK=0;
  22   2                      addr >>= 1;
  23   2              }
  24   1              for(i=0; i<8; i++)              // 写入数据
  25   1              {
  26   2                      if(dat & 0x01)
  27   2                              DS_SDA=1;
  28   2                      else
  29   2                              DS_SDA=0;
  30   2                      DS_SCK=1;
  31   2                      DS_SCK=0;
  32   2                      dat >>= 1;
  33   2              }
  34   1              DS_RST=0;                               //停止DS1302总线
  35   1      }
  36          
  37          u8 DS1302_ReadByte(u8 addr)  //  从DS1302读出一字节数据
  38          {
  39   1              u8 i;
  40   1              u8 dat;
  41   1              DS_RST=0;                       //RST脚置低
  42   1              DS_SCK=0;                       //SCK脚置低
  43   1              DS_RST=1;
  44   1              addr |= 0x01;           //最低位置高
  45   1              for(i=0; i<8; i++) 
  46   1              {            
  47   2                      if(addr & 0x01) 
  48   2                              DS_SDA=1;
  49   2                      else 
  50   2                              DS_SDA=0;
  51   2                      DS_SCK=1;
  52   2                      DS_SCK=0;
  53   2                      addr >>= 1;
  54   2              }
C51 COMPILER V9.55   DS1302                                                                01/09/2017 21:04:57 PAGE 2   

  55   1              for(i=0; i<8; i++)      //输出数据
  56   1              {
  57   2                      dat >>= 1;
  58   2                      if(DS_SDA==1)
  59   2                              dat |= 0x80;
  60   2                      else
  61   2                              dat &= ~0x80;
  62   2                      DS_SCK=1;
  63   2                      DS_SCK=0;
  64   2              }
  65   1              DS_RST = 0;                     //停止DS1302总线
  66   1              return dat;
  67   1      }
  68          void DS1302_WriteTime(void)//  向DS1302写入时钟数据 
  69          {
  70   1              // DEC->HEX
  71   1              rtc.year        = rtc.year / 10 * 16 + rtc.year % 10;
  72   1              rtc.mon         = rtc.mon / 10 * 16 + rtc.mon % 10;
  73   1              rtc.date        = rtc.date / 10 * 16 + rtc.date % 10;
  74   1              rtc.hou         = rtc.hou / 10 * 16 + rtc.hou % 10;
  75   1              rtc.min         = rtc.min / 10 * 16 + rtc.min % 10;
  76   1              rtc.sec         = rtc.sec / 10 * 16 + rtc.sec % 10;
  77   1              rtc.week        = rtc.week / 10 * 16 + rtc.week % 10;
  78   1              // 写数据到芯片
  79   1              DS1302_WriteByte(DS1302_ADDR_CONTROL,   0x00);                  //关闭写保护 
  80   1              DS1302_WriteByte(DS1302_ADDR_SEC,               0x80);                  //暂停 
  81   1              DS1302_WriteByte(DS1302_ADDR_YEAR,              rtc.year);              //年 
  82   1              DS1302_WriteByte(DS1302_ADDR_MON,               rtc.mon);               //月 
  83   1              DS1302_WriteByte(DS1302_ADDR_DATE,              rtc.date);              //日 
  84   1              DS1302_WriteByte(DS1302_ADDR_HOU,               rtc.hou);               //时 
  85   1              DS1302_WriteByte(DS1302_ADDR_MIN,               rtc.min);               //分
  86   1              DS1302_WriteByte(DS1302_ADDR_SEC,               rtc.sec);               //秒
  87   1              DS1302_WriteByte(DS1302_ADDR_WEEK,              rtc.week);              //周 
  88   1              DS1302_WriteByte(DS1302_ADDR_CONTROL,   0x80);                  //打开写保护 
  89   1      }
  90          
  91          void DS1302_ReadTime(void)                                              // 从DS1302读出时钟数据 
  92          {
  93   1              rtc.year = DS1302_ReadByte(DS1302_ADDR_YEAR);           //年 
  94   1              rtc.mon  = DS1302_ReadByte(DS1302_ADDR_MON);            //月 
  95   1              rtc.date = DS1302_ReadByte(DS1302_ADDR_DATE);           //日 
  96   1              rtc.hou  = DS1302_ReadByte(DS1302_ADDR_HOU);            //时 
  97   1              rtc.min  = DS1302_ReadByte(DS1302_ADDR_MIN);            //分 
  98   1              rtc.sec  = DS1302_ReadByte(DS1302_ADDR_SEC)&0x7F;       //秒 
  99   1              rtc.week = DS1302_ReadByte(DS1302_ADDR_WEEK);           //周 
 100   1              // BCD->DEC
 101   1              rtc.year = rtc.year / 16 * 10 + rtc.year % 16;
 102   1              rtc.mon  = rtc.mon / 16 * 10 + rtc.mon % 16;
 103   1              rtc.date = rtc.date / 16 * 10 + rtc.date % 16;
 104   1              rtc.hou  = rtc.hou / 16 * 10 + rtc.hou % 16;
 105   1              rtc.min  = rtc.min / 16 * 10 + rtc.min % 16;
 106   1              rtc.sec  = rtc.sec / 16 * 10 + rtc.sec % 16;
 107   1              rtc.week = rtc.week / 16 * 10 + rtc.week % 16;
 108   1      }
 109          
 110          void DS1302_Init(void) // DS1302初始化
 111          {
 112   1              DS_RST=0;                       //RST脚置低
 113   1              DS_SCK=0;                       //SCK脚置低
 114   1              
 115   1      }
 116          
C51 COMPILER V9.55   DS1302                                                                01/09/2017 21:04:57 PAGE 3   



MODULE INFORMATION:   STATIC OVERLAYABLE
   CODE SIZE        =    513    ----
   CONSTANT SIZE    =   ----    ----
   XDATA SIZE       =   ----    ----
   PDATA SIZE       =   ----    ----
   DATA SIZE        =      7    ----
   IDATA SIZE       =   ----    ----
   BIT SIZE         =   ----    ----
END OF MODULE INFORMATION.


C51 COMPILATION COMPLETE.  0 WARNING(S),  0 ERROR(S)
