C51 COMPILER V9.55   KEY                                                                   01/09/2017 21:04:57 PAGE 1   


C51 COMPILER V9.55, COMPILATION OF MODULE KEY
OBJECT MODULE PLACED IN .\Objects\key.obj
COMPILER INVOKED BY: d:\Keil_v5\C51\BIN\C51.EXE Src\key.c OPTIMIZE(8,SPEED) BROWSE DEBUG OBJECTEXTEND PRINT(.\Listings\k
                    -ey.lst) OBJECT(.\Objects\key.obj)

line level    source

   1          
   2          #include "key.h"
   3          
   4          u8 key=0xff;
   5          
   6          void KeyInit(void)
   7          {
   8   1              
   9   1      }
  10          
  11          void KeyLoop(void)
  12          {
  13   1              key = 0xff;
  14   1              if(!K1)
  15   1              {
  16   2                      DelayMs(5);
  17   2                      if(!K1)
  18   2                      {
  19   3                              key = 1;
  20   3                      }
  21   2                      while(!K1);
  22   2              }
  23   1              else if(!K2)
  24   1              {
  25   2                      DelayMs(5);
  26   2                      if(!K2)
  27   2                      {
  28   3                              key = 2;
  29   3                      }
  30   2                      while(!K2);
  31   2              }
  32   1              else if(!K3)
  33   1              {
  34   2                      DelayMs(5);
  35   2                      if(!K3)
  36   2                      {
  37   3                              key = 3;
  38   3                      }
  39   2                      while(!K3);
  40   2              }
  41   1              else if(!K4)
  42   1              {
  43   2                      DelayMs(5);
  44   2                      if(!K4)
  45   2                      {
  46   3                              key = 4;
  47   3                      }
  48   2                      while(!K4);
  49   2              }
  50   1      }


MODULE INFORMATION:   STATIC OVERLAYABLE
   CODE SIZE        =     87    ----
C51 COMPILER V9.55   KEY                                                                   01/09/2017 21:04:57 PAGE 2   

   CONSTANT SIZE    =   ----    ----
   XDATA SIZE       =   ----    ----
   PDATA SIZE       =   ----    ----
   DATA SIZE        =      1    ----
   IDATA SIZE       =   ----    ----
   BIT SIZE         =   ----    ----
END OF MODULE INFORMATION.


C51 COMPILATION COMPLETE.  0 WARNING(S),  0 ERROR(S)
