C51 COMPILER V9.55   LCD12864                                                              01/09/2017 21:04:58 PAGE 1   


C51 COMPILER V9.55, COMPILATION OF MODULE LCD12864
OBJECT MODULE PLACED IN .\Objects\lcd12864.obj
COMPILER INVOKED BY: d:\Keil_v5\C51\BIN\C51.EXE Src\lcd12864.c OPTIMIZE(8,SPEED) BROWSE DEBUG OBJECTEXTEND PRINT(.\Listi
                    -ngs\lcd12864.lst) OBJECT(.\Objects\lcd12864.obj)

line level    source

   1          
   2          #include "lcd12864.h"
   3          
   4          u8 code WARMING[4][32]=
   5          {
   6          /*--  文字:  实  --*/
   7          /*--  宋体12;  此字体下对应的点阵为：宽x高=16x16   --*/
   8          0x10,0x0C,0x04,0x84,0x14,0x64,0x05,0x06,0xF4,0x04,0x04,0x04,0x04,0x14,0x0C,0x00,
   9          0x04,0x84,0x84,0x44,0x47,0x24,0x14,0x0C,0x07,0x0C,0x14,0x24,0x44,0x84,0x04,0x00,
  10          
  11          /*--  文字:  时  --*/
  12          /*--  宋体12;  此字体下对应的点阵为：宽x高=16x16   --*/
  13          0x00,0xFC,0x84,0x84,0x84,0xFC,0x00,0x10,0x10,0x10,0x10,0x10,0xFF,0x10,0x10,0x00,
  14          0x00,0x3F,0x10,0x10,0x10,0x3F,0x00,0x00,0x01,0x06,0x40,0x80,0x7F,0x00,0x00,0x00,
  15          
  16          /*--  文字:  时  --*/
  17          /*--  宋体12;  此字体下对应的点阵为：宽x高=16x16   --*/
  18          0x00,0xFC,0x84,0x84,0x84,0xFC,0x00,0x10,0x10,0x10,0x10,0x10,0xFF,0x10,0x10,0x00,
  19          0x00,0x3F,0x10,0x10,0x10,0x3F,0x00,0x00,0x01,0x06,0x40,0x80,0x7F,0x00,0x00,0x00,
  20          
  21          /*--  文字:  钟  --*/
  22          /*--  宋体12;  此字体下对应的点阵为：宽x高=16x16   --*/
  23          0x20,0x10,0x2C,0xE7,0x24,0x24,0x00,0xF0,0x10,0x10,0xFF,0x10,0x10,0xF0,0x00,0x00,
  24          0x01,0x01,0x01,0x7F,0x21,0x11,0x00,0x07,0x02,0x02,0xFF,0x02,0x02,0x07,0x00,0x00,
  25          
  26          
  27          };
  28          
  29          u8 code TITLE[7][32] = 
  30          {
  31          /*--  文字:  单  --*/
  32          /*--  宋体12;  此字体下对应的点阵为：宽x高=16x16   --*/
  33          0x00,0x00,0xF8,0x49,0x4A,0x4C,0x48,0xF8,0x48,0x4C,0x4A,0x49,0xF8,0x00,0x00,0x00,
  34          0x10,0x10,0x13,0x12,0x12,0x12,0x12,0xFF,0x12,0x12,0x12,0x12,0x13,0x10,0x10,0x00,
  35          
  36          /*--  文字:  片  --*/
  37          /*--  宋体12;  此字体下对应的点阵为：宽x高=16x16   --*/
  38          0x00,0x00,0x00,0xFE,0x20,0x20,0x20,0x20,0x20,0x3F,0x20,0x20,0x20,0x20,0x00,0x00,
  39          0x00,0x80,0x60,0x1F,0x02,0x02,0x02,0x02,0x02,0x02,0xFE,0x00,0x00,0x00,0x00,0x00,
  40          
  41          /*--  文字:  机  --*/
  42          /*--  宋体12;  此字体下对应的点阵为：宽x高=16x16   --*/
  43          0x10,0x10,0xD0,0xFF,0x90,0x10,0x00,0xFE,0x02,0x02,0x02,0xFE,0x00,0x00,0x00,0x00,
  44          0x04,0x03,0x00,0xFF,0x00,0x83,0x60,0x1F,0x00,0x00,0x00,0x3F,0x40,0x40,0x78,0x00,
  45          
  46          /*--  文字:  课  --*/
  47          /*--  宋体12;  此字体下对应的点阵为：宽x高=16x16   --*/
  48          0x40,0x42,0xCC,0x00,0x00,0x00,0xFE,0x92,0x92,0xFE,0x92,0x92,0xFE,0x00,0x00,0x00,
  49          0x00,0x00,0x3F,0x10,0x08,0x22,0x12,0x0A,0x06,0xFF,0x06,0x0A,0x12,0x22,0x20,0x00,
  50          
  51          /*--  文字:  程  --*/
  52          /*--  宋体12;  此字体下对应的点阵为：宽x高=16x16   --*/
  53          0x24,0x24,0xA4,0xFE,0x23,0x22,0x00,0x3E,0x22,0x22,0x22,0x22,0x22,0x3E,0x00,0x00,
  54          0x08,0x06,0x01,0xFF,0x01,0x06,0x40,0x49,0x49,0x49,0x7F,0x49,0x49,0x49,0x41,0x00,
C51 COMPILER V9.55   LCD12864                                                              01/09/2017 21:04:58 PAGE 2   

  55          
  56          /*--  文字:  设  --*/
  57          /*--  宋体12;  此字体下对应的点阵为：宽x高=16x16   --*/
  58          0x40,0x40,0x42,0xCC,0x00,0x40,0xA0,0x9E,0x82,0x82,0x82,0x9E,0xA0,0x20,0x20,0x00,
  59          0x00,0x00,0x00,0x3F,0x90,0x88,0x40,0x43,0x2C,0x10,0x28,0x46,0x41,0x80,0x80,0x00,
  60          
  61          /*--  文字:  计  --*/
  62          /*--  宋体12;  此字体下对应的点阵为：宽x高=16x16   --*/
  63          0x40,0x40,0x42,0xCC,0x00,0x40,0x40,0x40,0x40,0xFF,0x40,0x40,0x40,0x40,0x40,0x00,
  64          0x00,0x00,0x00,0x7F,0x20,0x10,0x00,0x00,0x00,0xFF,0x00,0x00,0x00,0x00,0x00,0x00,
  65          
  66          
  67          };
  68          
  69          u8 code NUMBER[13][16] = {
  70          /*--  文字:  0  --*/
  71          /*--  宋体12;  此字体下对应的点阵为：宽x高=8x16   --*/
  72          0x00,0xE0,0x10,0x08,0x08,0x10,0xE0,0x00,0x00,0x0F,0x10,0x20,0x20,0x10,0x0F,0x00,
  73          
  74          /*--  文字:  1  --*/
  75          /*--  宋体12;  此字体下对应的点阵为：宽x高=8x16   --*/
  76          0x00,0x10,0x10,0xF8,0x00,0x00,0x00,0x00,0x00,0x20,0x20,0x3F,0x20,0x20,0x00,0x00,
  77          
  78          /*--  文字:  2  --*/
  79          /*--  宋体12;  此字体下对应的点阵为：宽x高=8x16   --*/
  80          0x00,0x70,0x08,0x08,0x08,0x88,0x70,0x00,0x00,0x30,0x28,0x24,0x22,0x21,0x30,0x00,
  81          
  82          /*--  文字:  3  --*/
  83          /*--  宋体12;  此字体下对应的点阵为：宽x高=8x16   --*/
  84          0x00,0x30,0x08,0x88,0x88,0x48,0x30,0x00,0x00,0x18,0x20,0x20,0x20,0x11,0x0E,0x00,
  85          
  86          /*--  文字:  4  --*/
  87          /*--  宋体12;  此字体下对应的点阵为：宽x高=8x16   --*/
  88          0x00,0x00,0xC0,0x20,0x10,0xF8,0x00,0x00,0x00,0x07,0x04,0x24,0x24,0x3F,0x24,0x00,
  89          
  90          /*--  文字:  5  --*/
  91          /*--  宋体12;  此字体下对应的点阵为：宽x高=8x16   --*/
  92          0x00,0xF8,0x08,0x88,0x88,0x08,0x08,0x00,0x00,0x19,0x21,0x20,0x20,0x11,0x0E,0x00,
  93          
  94          /*--  文字:  6  --*/
  95          /*--  宋体12;  此字体下对应的点阵为：宽x高=8x16   --*/
  96          0x00,0xE0,0x10,0x88,0x88,0x18,0x00,0x00,0x00,0x0F,0x11,0x20,0x20,0x11,0x0E,0x00,
  97          
  98          /*--  文字:  7  --*/
  99          /*--  宋体12;  此字体下对应的点阵为：宽x高=8x16   --*/
 100          0x00,0x38,0x08,0x08,0xC8,0x38,0x08,0x00,0x00,0x00,0x00,0x3F,0x00,0x00,0x00,0x00,
 101          
 102          /*--  文字:  8  --*/
 103          /*--  宋体12;  此字体下对应的点阵为：宽x高=8x16   --*/
 104          0x00,0x70,0x88,0x08,0x08,0x88,0x70,0x00,0x00,0x1C,0x22,0x21,0x21,0x22,0x1C,0x00,
 105          
 106          /*--  文字:  9  --*/
 107          /*--  宋体12;  此字体下对应的点阵为：宽x高=8x16   --*/
 108          0x00,0xE0,0x10,0x08,0x08,0x10,0xE0,0x00,0x00,0x00,0x31,0x22,0x22,0x11,0x0F,0x00,
 109          
 110          /*--  文字:  :  --*/
 111          /*--  宋体12;  此字体下对应的点阵为：宽x高=8x16   --*/
 112          0x00,0x00,0x00,0xC0,0xC0,0x00,0x00,0x00,0x00,0x00,0x00,0x30,0x30,0x00,0x00,0x00,
 113          
 114          /*--  文字:  /  --*/
 115          /*--  宋体12;  此字体下对应的点阵为：宽x高=8x16   --*/
 116          0x00,0x00,0x00,0x00,0x80,0x60,0x18,0x04,0x00,0x60,0x18,0x06,0x01,0x00,0x00,0x00,
C51 COMPILER V9.55   LCD12864                                                              01/09/2017 21:04:58 PAGE 3   

 117          
 118          
 119          0,0,0,0,0,0,0,0,0,0,0,0,0,0,0,0,
 120          };
 121          
 122          bit Lcd12864_CheckBusy(void)
 123          {
 124   1              LCD_DATA = 0xff;
 125   1              LCD_RW = 1;
 126   1              LCD_RS = 0;
 127   1              LCD_E  = 1;
 128   1              LCD_E  = 0;
 129   1              return (LCD_DATA&0x80);
 130   1      }
 131          
 132          /*
 133                  根据LCD12864液晶时序写数据或命令
 134                  com=0写命令，com=1写数据
 135                  dat是所要写的数据或命令
 136                  static是静态，意思是只有目前这个文件能够调用这个函数
 137          */
 138          void Lcd12864_Write(unsigned char com, unsigned char dat)
 139          {
 140   1              while(Lcd12864_CheckBusy());
 141   1              
 142   1              LCD_E  = 0;
 143   1              LCD_RW = 0;
 144   1              LCD_RS = com;
 145   1              LCD_DATA = dat;
 146   1              LCD_E  = 1;
 147   1              LCD_E  = 0;     
 148   1      }
 149          
 150          /*
 151                  LCD1602初始化函数
 152          */
 153          void Lcd12864_Init(void)
 154          {
 155   1              Lcd12864_Write(0, 0x38);
 156   1              Lcd12864_Write(0, 0x0F);
 157   1              Lcd12864_Write(0, 0x01);
 158   1              Lcd12864_Write(0, 0x06);
 159   1              Lcd12864_Write(0, 0xC0);
 160   1      }
 161          //在8×128的格子里显示自定义长度的一行
 162          void Lcd12864_DispRow(u8 ucPage, u8 ucLine, u8 ucWidth, u8 *ucaRow)
 163          {
 164   1              u8 ucCount;                                //取值范围：ucPage:0～7；ucLine:0～127；
 165   1              if(ucLine<64)                                              //ucWidth:0～127；ucLine+ucWidth<1128。
 166   1                      {
 167   2                      CS1=1;
 168   2                      CS2=0;
 169   2                      Lcd12864_Write(0, LCDPAGE+ucPage);
 170   2                      Lcd12864_Write(0, LCDLINE+ucLine);
 171   2                      if((ucLine+ucWidth)<64)
 172   2                              {
 173   3                              for(ucCount=0;ucCount<ucWidth;ucCount++)
 174   3                                      Lcd12864_Write(1, *(ucaRow+ucCount));
 175   3                              }
 176   2                      else
 177   2                              {
 178   3                              for(ucCount=0;ucCount<64-ucLine;ucCount++)
C51 COMPILER V9.55   LCD12864                                                              01/09/2017 21:04:58 PAGE 4   

 179   3                                      Lcd12864_Write(1, *(ucaRow+ucCount));
 180   3      
 181   3                              CS1=0;
 182   3                              CS2=1;
 183   3                              Lcd12864_Write(0, LCDPAGE+ucPage);
 184   3                              Lcd12864_Write(0, LCDLINE);
 185   3                              for(ucCount=64-ucLine;ucCount<ucWidth;ucCount++)
 186   3                                      Lcd12864_Write(1, *(ucaRow+ucCount));
 187   3                              }
 188   2                      }
 189   1              else
 190   1                      {
 191   2                      CS1=0;
 192   2                      CS2=1;
 193   2                      Lcd12864_Write(0, LCDPAGE+ucPage);
 194   2                      Lcd12864_Write(0, LCDLINE+ucLine-64);
 195   2                      for(ucCount=0;ucCount<ucWidth;ucCount++)
 196   2                              Lcd12864_Write(1, *(ucaRow+ucCount));
 197   2                      }
 198   1      }
 199          //此函数将16×16汉字显示在8×128的格子里。
 200          void Lcd12864_DispChinese(u8 ucPage, u8 ucLine, u8 *ucaChinMap)
 201          {
 202   1              Lcd12864_DispRow(ucPage,ucLine,16,ucaChinMap);
 203   1              Lcd12864_DispRow(ucPage+1,ucLine,16,ucaChinMap+16);
 204   1      }
 205          
 206          //此函数将字符显示在8×128的格子里。
 207          void Lcd12864_DispChar(u8 ucPage, u8 ucLine, u8 *ucaChinMap)
 208          {
 209   1              Lcd12864_DispRow(ucPage, ucLine, 8, ucaChinMap);
 210   1              Lcd12864_DispRow(ucPage+1, ucLine, 8, ucaChinMap+8);
 211   1      }


MODULE INFORMATION:   STATIC OVERLAYABLE
   CODE SIZE        =    345    ----
   CONSTANT SIZE    =    560    ----
   XDATA SIZE       =   ----    ----
   PDATA SIZE       =   ----    ----
   DATA SIZE        =   ----      15
   IDATA SIZE       =   ----    ----
   BIT SIZE         =   ----    ----
END OF MODULE INFORMATION.


C51 COMPILATION COMPLETE.  0 WARNING(S),  0 ERROR(S)
