C51 COMPILER V9.55   LCD1602                                                               01/04/2017 16:55:26 PAGE 1   


C51 COMPILER V9.55, COMPILATION OF MODULE LCD1602
OBJECT MODULE PLACED IN .\Objects\lcd1602.obj
COMPILER INVOKED BY: d:\Keil_v5\C51\BIN\C51.EXE Src\lcd1602.c OPTIMIZE(8,SPEED) BROWSE DEBUG OBJECTEXTEND PRINT(.\Listin
                    -gs\lcd1602.lst) OBJECT(.\Objects\lcd1602.obj)

line level    source

   1          
   2          #include "lcd1602.h"
   3          
   4          unsigned char code moxi[8][8]={
   5          /*--  宽度x高度=8x8  --*/
   6          {0x00,0x10,0x07,0x08,0x08,0x08,0x07,0x00},      //摄氏度        
   7          /*--  宽度x高度=8x8  --*/
   8          {0x00,0x00,0x00,0x00,0x1F,0x00,0x00,0x00},      //一
   9          /*--  宽度x高度=8x8  --*/
  10          {0x00,0x00,0x0E,0x00,0x00,0x1F,0x00,0x00},      //二
  11          /*--  宽度x高度=8x8  --*/
  12          {0x00,0x1F,0x00,0x0E,0x00,0x1F,0x00,0x00},      //三
  13          /*--  宽度x高度=8x8  --*/
  14          {0x00,0x1F,0x15,0x1B,0x11,0x1F,0x00,0x00},      //四
  15          /*--  宽度x高度=8x8  --*/
  16          {0x00,0x1E,0x08,0x1E,0x0A,0x1F,0x00,0x00},      //五
  17          /*--  宽度x高度=8x8  --*/
  18          {0x00,0x00,0x04,0x1F,0x0A,0x11,0x00,0x00},      //六
  19          /*--  宽度x高度=8x8  --*/
  20          {0x00,0x1F,0x11,0x1F,0x11,0x1F,0x00,0x00},      //日
  21          
  22          
  23          };
  24          
  25          /*
  26                  根据LCD1602液晶时序写数据或命令
  27                  com=0写命令，com=1写数据
  28                  dat是所要写的数据或命令
  29                  static是静态，意思是只有目前这个文件能够调用这个函数
  30          */
  31          static void Lcd1602_Write(unsigned char com, unsigned char dat)
  32          {
  33   1              LCD_RS = com;
  34   1              LCD_RW = 0;     
  35   1              LCD_E  = 1;
  36   1              DelayUs(100);
  37   1              LCD_DATA = dat;
  38   1              LCD_E  = 0;     
  39   1      }
  40          /*
  41                  LCD1602写数据到液晶屏上显示
  42                  x是液晶的横坐标
  43                  y是液晶的纵坐标
  44                  dat是要写的数据，比如写1到液晶上则写'0'+1
  45                  因为这里的数据跟ascii码不同
  46          */
  47          void Lcd1602_WriteChar(unsigned char x, unsigned char y,
  48                                                          unsigned char dat)
  49          {
  50   1              Lcd1602_Write(0, 0x80 + 0x40*y + x);    // 先写所要显示的坐标
  51   1              Lcd1602_Write(1, dat);                                  // 然后写所要显示的数据
  52   1      }
  53          /*
  54                  LCD1602写字符串到液晶上显示
C51 COMPILER V9.55   LCD1602                                                               01/04/2017 16:55:26 PAGE 2   

  55          */
  56          void Lcd1602_WriteStr(unsigned char x, unsigned char y,
  57                                                          unsigned char *dat)
  58          {
  59   1              Lcd1602_Write(0, 0x80 + 0x40*y + x);
  60   1              while(*dat != '\0')
  61   1                      Lcd1602_Write(1, *dat++);
  62   1      }
  63          
  64          /*
  65                  LCD1602初始化函数
  66          */
  67          void Lcd1602_Init(void)
  68          {
  69   1              unsigned char i,j;
  70   1              
  71   1              Lcd1602_Write(0, 0x38);
  72   1              Lcd1602_Write(0, 0x0c);
  73   1              Lcd1602_Write(0, 0x06);
  74   1              Lcd1602_Write(0, 0x01);
  75   1              Lcd1602_Write(0, 0x02);
  76   1              
  77   1              //日期中周的字符写进CGRAM
  78   1              Lcd1602_Write(0, 0x40);
  79   1              for(j=0;j<8;j++)
  80   1              {
  81   2                      for(i=0;i<8;i++)
  82   2                      {
  83   3                              Lcd1602_Write(1, moxi[j][i]);
  84   3                      }
  85   2              }
  86   1              Lcd1602_ClearScreen();
  87   1      
  88   1      }
  89          /*
  90                  LCD1602清屏函数
  91          */
  92          void Lcd1602_ClearScreen(void)
  93          {
  94   1              Lcd1602_Write(0, 0x01);
  95   1              DelayMs(10);
  96   1      }
  97          
  98          


MODULE INFORMATION:   STATIC OVERLAYABLE
   CODE SIZE        =    216    ----
   CONSTANT SIZE    =     64    ----
   XDATA SIZE       =   ----    ----
   PDATA SIZE       =   ----    ----
   DATA SIZE        =   ----       7
   IDATA SIZE       =   ----    ----
   BIT SIZE         =   ----    ----
END OF MODULE INFORMATION.


C51 COMPILATION COMPLETE.  0 WARNING(S),  0 ERROR(S)
