C51 COMPILER V9.54   UART                                                                  03/17/2021 12:51:41 PAGE 1   


C51 COMPILER V9.54, COMPILATION OF MODULE UART
OBJECT MODULE PLACED IN .\Objects\uart.obj
COMPILER INVOKED BY: D:\Program Files\MKD\C51\BIN\C51.EXE Src\uart.c OPTIMIZE(8,SPEED) BROWSE DEBUG OBJECTEXTEND PRINT(.
                    -\Listings\uart.lst) TABS(2) OBJECT(.\Objects\uart.obj)

line level    source

   1          /*电子作品设计  广西大学 
   2          自动化181 许志强 李昊 2021/02
   3          串口
   4          */
   5          #include "uart.h"
   6          
   7          bit busy;
   8          u8 RxBuf;
   9          
  10          // 串口初始化
  11          void UartInit(void)
  12          {
  13   1        SCON = 0x50;    //8位数据,可变波特率
  14   1        TL2 = RCAP2L = (65536-(FOSC/32/BAUD)); //Set auto-reload vaule
  15   1          TH2 = RCAP2H = (65536-(FOSC/32/BAUD)) >> 8;
  16   1          T2CON = 0x34;           //Timer2 start run
  17   1          ES = 1;                 //Enable UART interrupt
  18   1          EA = 1;                 //Open master interrupt switch
  19   1      
  20   1      }
  21          
  22          
  23          void SendData(u8 dat)
  24          {
  25   1          while (busy);           //Wait for the completion of the previous data is sent
  26   1          busy = 1;
  27   1          SBUF = dat;             //Send data to UART buffer
  28   1      }
  29          
  30          void SendString(char *s)
  31          {
  32   1          while (*s)              //Check the end of the string
  33   1          {
  34   2              SendData(*s++);     //Send current char and increment string ptr
  35   2          }
  36   1      }
  37          
  38          // 串口中断函数
  39          void UART_ISR() interrupt 4 using 1
  40          {
  41   1          if (RI)
  42   1          {
  43   2              RI = 0;             //Clear receive interrupt flag
  44   2          RxBuf = SBUF;
  45   2          }
  46   1          if (TI)
  47   1          {
  48   2              TI = 0;             //Clear transmit interrupt flag
  49   2              busy = 0;           //Clear transmit busy flag
  50   2          }
  51   1      }
  52          


C51 COMPILER V9.54   UART                                                                  03/17/2021 12:51:41 PAGE 2   

MODULE INFORMATION:   STATIC OVERLAYABLE
   CODE SIZE        =     84    ----
   CONSTANT SIZE    =   ----    ----
   XDATA SIZE       =   ----    ----
   PDATA SIZE       =   ----    ----
   DATA SIZE        =      1       3
   IDATA SIZE       =   ----    ----
   BIT SIZE         =      1    ----
END OF MODULE INFORMATION.


C51 COMPILATION COMPLETE.  0 WARNING(S),  0 ERROR(S)
